<?xml version="1.0" encoding="UTF-8"?>
<!-- Generated by org.testng.reporters.JUnitXMLReporter -->
<testsuite hostname="186590d671cb.ant.amazon.com" ignored="0" name="Default test" tests="3" failures="0" timestamp="30 Oct 2019 21:11:36 GMT" time="0.121" errors="0">
  <testcase name="testScenario1" time="0.024" classname="com.TestVagrant.onlineStore.StoreTests"/>
  <testcase name="testScenario2" time="0.003" classname="com.TestVagrant.onlineStore.StoreTests"/>
  <testcase name="testScenario3" time="0.006" classname="com.TestVagrant.onlineStore.StoreTests"/>
</testsuite> <!-- Default test -->
